<?xml version="1.0" encoding="UTF-8"?>
<beans:beans xmlns="http://www.springframework.org/schema/mvc"
             xmlns:xsi="http://www.w3.org/2001/XMLSchema-instance"
             xmlns:beans="http://www.springframework.org/schema/beans"
             xmlns:context="http://www.springframework.org/schema/context"
             xmlns:mvc="http://www.springframework.org/schema/task"
             xmlns:jdbc="http://www.springframework.org/schema/jdbc"
             xsi:schemaLocation="http://www.springframework.org/schema/mvc http://www.springframework.org/schema/mvc/spring-mvc.xsd
		http://www.springframework.org/schema/beans http://www.springframework.org/schema/beans/spring-beans.xsd
		http://www.springframework.org/schema/context http://www.springframework.org/schema/context/spring-context.xsd http://www.springframework.org/schema/task http://www.springframework.org/schema/task/spring-task.xsd http://www.springframework.org/schema/jdbc http://www.springframework.org/schema/jdbc/spring-jdbc.xsd">

    <mvc:annotation-driven/>

    <context:component-scan base-package="checkin"/>

    <jdbc:embedded-database id="dataSource" type="H2">
        <jdbc:script location="classpath:database/schema.sql"/>
    </jdbc:embedded-database>

    <beans:bean id="hibernate4AnnotatedSessionFactory"
          class="org.springframework.orm.hibernate4.LocalSessionFactoryBean">
        <beans:property name="dataSource" ref="dataSource"/>
        <beans:property name="annotatedClasses">
            <beans:list>
                <beans:value>checkin.model.Student</beans:value>
            </beans:list>
        </beans:property>
        <beans:property name="hibernateProperties">
            <beans:props>
                <beans:prop key="hibernate.dialect">org.hibernate.dialect.H2Dialect</beans:prop>
                <beans:prop key="hibernate.show_sql">true</beans:prop>
            </beans:props>
        </beans:property>
    </beans:bean>

    <beans:bean id="studentDao" class="checkin.dao.StudentDaoImpl">
        <beans:property name="sessionFactory" ref="hibernate4AnnotatedSessionFactory"/>
    </beans:bean>

    <beans:bean id="studentService" class="checkin.service.StudentServiceImpl">
        <beans:property name="studentDao" ref="studentDao"/>
    </beans:bean>

</beans:beans>